<?xml version="1.0" encoding="UTF-8" ?>
<testsuite errors="0" failures="1" hostname="firat" name="tests.TestImpl" skipped="0" tests="3" time="0.805" timestamp="2019-04-17T17:34:15">
  <properties>
[...]
</properties>
  <testcase classname="tests.TestImpl" name="testMoveWhenFalling" time="0.451" />
  <testcase classname="tests.TestImpl" name="testDigWhenOnHandRail" time="0.017" />
  <testcase classname="tests.TestImpl" name="testFallWhenInHOL" time="0.06">
    <failure message="testFallWhenInHOL failed, le joueur n&apos;est pas tombe" type="junit.framework.AssertionFailedError">junit.framework.AssertionFailedError: testFallWhenInHOL failed, le joueur n&apos;est pas tombe
	at tests.TestImpl.testFallWhenInHOL(TestImpl.java:126)
	at java.base/jdk.internal.reflect.NativeMethodAccessorImpl.invoke0(Native Method)
	at java.base/jdk.internal.reflect.NativeMethodAccessorImpl.invoke(NativeMethodAccessorImpl.java:62)
	at java.base/jdk.internal.reflect.DelegatingMethodAccessorImpl.invoke(DelegatingMethodAccessorImpl.java:43)
</failure>
  </testcase>
  <system-out><![CDATA[Reading from file :/home/firat/CPS/cps_project/src/maps/map1.txt
Reading from file :/home/firat/CPS/cps_project/src/maps/map1.txt
Reading from file :/home/firat/CPS/cps_project/src/maps/map1.txt
]]></system-out>
  <system-err><![CDATA[]]></system-err>
</testsuite>
